21:28:3 POST /AUTH undefined
21:36:57 POST /AUTH undefined
21:39:1 POST /AUTH undefined
21:41:50 POST /AUTH undefined
21:42:20 POST /AUTH undefined
21:43:8 POST /AUTH undefined
21:44:30 POST /AUTH {"data":"ser"}
21:5:28 POST /AUTH {"data":"ser"}
21:21:15 POST /AUTH {"data":"ser"}
21:35:49 POST /AUTH {"data":"ser"}
13:19:43 POST /AUTH {"data":"ser"}
13:23:33 POST /AUTH {"data":"ser"}
13:35:3 POST /AUTH {"data":"ser"}
13:35:38 POST /AUTH {"data":"ser"}
13:40:18 POST /AUTH {"data":"ser"}
13:43:53 POST /AUTH {"data":"ser"}
13:45:56 POST /AUTH {"name":"lll","password":"231"}
13:55:2 POST /AUTH {"name":"dddd","password":"2222"}
13:58:59 POST /AUTH {"name":"ddd","password":"1222"}
14:0:33 POST /AUTH {"name":"","password":""}
14:4:16 POST /AUTH {"name":"","password":""}
14:5:26 POST /AUTH {"name":"","password":""}
14:8:13 POST /AUTH {"name":"","password":""}
14:10:34 POST /AUTH {"name":"","password":""}
14:12:26 POST /AUTH {"name":"","password":""}
14:16:11 POST /AUTH {"name":"","password":""}
14:18:22 POST /AUTH {"name":"","password":""}
14:19:7 POST /AUTH {"name":"","password":""}
14:21:17 POST /AUTH {"name":"","password":""}
14:21:52 POST /AUTH {"name":"","password":""}
14:22:41 POST /AUTH {"name":"jhvj","password":"222"}
14:28:59 POST /AUTH {"name":"","password":""}
14:29:24 POST /AUTH {"name":"","password":""}
14:30:41 POST /AUTH {"name":"","password":""}
14:32:24 POST /AUTH {"name":"","password":""}
14:32:55 POST /AUTH {"name":"","password":""}
14:33:41 POST /AUTH {"name":"","password":""}
14:34:29 POST /AUTH {"name":"","password":""}
14:35:2 POST /AUTH {"name":"","password":""}
16:38:8 POST /AUTH {"name":"","password":""}
16:38:23 POST /AUTH {"name":"aaa","password":"111"}
16:41:5 POST /AUTH {"name":"","password":""}
16:45:28 POST /AUTH {"name":"","password":""}
16:46:28 POST /AUTH {"name":"aaa","password":"111"}
16:46:48 POST /AUTH {"name":"","password":""}
16:57:56 POST /AUTH {"name":"","password":""}
17:21:28 POST /AUTH {"name":"","password":""}
17:21:51 POST /AUTH {"name":"","password":""}
17:23:8 POST /AUTH {"name":"","password":""}
17:29:5 POST /AUTH {"name":"","password":""}
17:33:46 POST /AUTH {"name":"","password":""}
17:35:23 POST /AUTH {"name":"fsvg","password":"1111"}
17:44:47 POST /AUTH {"name":"","password":""}
17:57:22 POST /AUTH {"name":"","password":""}
17:57:29 POST /AUTH {"name":"","password":""}
17:59:18 POST /AUTH {"name":"","password":""}
17:59:34 POST /AUTH {"name":"","password":""}
18:23:20 POST /AUTH {"name":"","password":""}
18:37:35 POST /AUTH {"name":"","password":""}
18:38:18 POST /AUTH {"name":"","password":""}
18:38:28 POST /AUTH {"name":"","password":""}
18:48:12 POST /AUTH {"name":"aaa","password":"111"}
18:56:53 POST /AUTH {"name":"","password":""}
19:0:12 POST /AUTH {"name":"","password":""}
19:0:22 POST /AUTH {"name":"sss","password":"1q1q"}
19:2:4 POST /AUTH {"name":"","password":""}
19:2:16 POST /AUTH {"name":"jhvjh","password":"ifiyf"}
19:5:10 POST /AUTH {"name":"","password":""}
19:5:21 POST /AUTH {"name":"mhvkh","password":"tyyuik"}
19:6:3 POST /AUTH {"name":"jgvj","password":"hhh"}
19:6:40 POST /AUTH {"name":"k","password":"yf"}
19:12:30 POST /AUTH {"name":"jmn m n","password":""}
19:17:42 POST /AUTH {"name":"l","password":",,bjbk"}
19:23:43 POST /AUTH {"name":"mhvk","password":"hhhh"}
19:26:57 POST /AUTH {"name":"ggggggg","password":"5656565"}
19:30:15 POST /AUTH {"name":"khvkvk","password":"77777"}
19:32:53 POST /AUTH {"name":"aaa","password":"111"}
19:35:25 POST /AUTH {"name":"jjj","password":"123"}
19:36:30 POST /AUTH {"name":"qwe","password":"888"}
19:36:47 POST /AUTH {"name":"aaa","password":"111"}
